2026-02-07T14:48:06.973+05:30  INFO 14584 --- [demo] [main] com.personal.demo.DemoApplication        : Starting DemoApplication using Java 21.0.9 with PID 14584 (C:\Users\saikr\MapMyTravel\demo\target\classes started by saikr in C:\Users\saikr\MapMyTravel\demo)
2026-02-07T14:48:06.986+05:30 DEBUG 14584 --- [demo] [main] com.personal.demo.DemoApplication        : Running with Spring Boot v4.0.2, Spring v7.0.3
2026-02-07T14:48:06.991+05:30  INFO 14584 --- [demo] [main] com.personal.demo.DemoApplication        : The following 1 profile is active: "dev"
2026-02-07T14:48:08.690+05:30  INFO 14584 --- [demo] [main] .s.d.r.c.RepositoryConfigurationDelegate : Bootstrapping Spring Data JPA repositories in DEFAULT mode.
2026-02-07T14:48:08.819+05:30  INFO 14584 --- [demo] [main] .s.d.r.c.RepositoryConfigurationDelegate : Finished Spring Data repository scanning in 109 ms. Found 3 JPA repository interfaces.
2026-02-07T14:48:10.033+05:30  INFO 14584 --- [demo] [main] o.s.boot.tomcat.TomcatWebServer          : Tomcat initialized with port 8080 (http)
2026-02-07T14:48:10.059+05:30  INFO 14584 --- [demo] [main] o.apache.catalina.core.StandardService   : Starting service [Tomcat]
2026-02-07T14:48:10.060+05:30  INFO 14584 --- [demo] [main] o.apache.catalina.core.StandardEngine    : Starting Servlet engine: [Apache Tomcat/11.0.15]
2026-02-07T14:48:10.165+05:30  INFO 14584 --- [demo] [main] b.w.c.s.WebApplicationContextInitializer : Root WebApplicationContext: initialization completed in 3096 ms
2026-02-07T14:48:10.374+05:30 DEBUG 14584 --- [demo] [main] com.personal.demo.config.JwtFilter       : Filter 'jwtFilter' configured for use
2026-02-07T14:48:10.498+05:30  INFO 14584 --- [demo] [main] com.zaxxer.hikari.HikariDataSource       : HikariPool-1 - Starting...
2026-02-07T14:48:10.752+05:30  INFO 14584 --- [demo] [main] com.zaxxer.hikari.pool.HikariPool        : HikariPool-1 - Added connection com.mysql.cj.jdbc.ConnectionImpl@5f45bc8e
2026-02-07T14:48:10.756+05:30  INFO 14584 --- [demo] [main] com.zaxxer.hikari.HikariDataSource       : HikariPool-1 - Start completed.
2026-02-07T14:48:10.924+05:30  INFO 14584 --- [demo] [main] org.hibernate.orm.jpa                    : HHH008540: Processing PersistenceUnitInfo [name: default]
2026-02-07T14:48:11.030+05:30  INFO 14584 --- [demo] [main] org.hibernate.orm.core                   : HHH000001: Hibernate ORM core version 7.2.1.Final
2026-02-07T14:48:11.811+05:30  INFO 14584 --- [demo] [main] o.s.o.j.p.SpringPersistenceUnitInfo      : No LoadTimeWeaver setup: ignoring JPA class transformer
2026-02-07T14:48:12.009+05:30  INFO 14584 --- [demo] [main] org.hibernate.orm.connections.pooling    : HHH10001005: Database info:
	Database JDBC URL [jdbc:mysql://localhost:3306/demo_db?useSSL=false&serverTimezone=UTC&createDatabaseIfNotExist=true]
	Database driver: MySQL Connector/J
	Database dialect: MySQLDialect
	Database version: 8.0.42
	Default catalog/schema: demo_db/undefined
	Autocommit mode: undefined/unknown
	Isolation level: REPEATABLE_READ [default REPEATABLE_READ]
	JDBC fetch size: none
	Pool: DataSourceConnectionProvider
	Minimum pool size: undefined/unknown
	Maximum pool size: undefined/unknown
2026-02-07T14:48:13.118+05:30  INFO 14584 --- [demo] [main] org.hibernate.orm.core                   : HHH000489: No JTA platform available (set 'hibernate.transaction.jta.platform' to enable JTA platform integration)
2026-02-07T14:48:13.219+05:30  INFO 14584 --- [demo] [main] j.LocalContainerEntityManagerFactoryBean : Initialized JPA EntityManagerFactory for persistence unit 'default'
2026-02-07T14:48:13.340+05:30  INFO 14584 --- [demo] [main] o.s.d.j.r.query.QueryEnhancerFactories   : Hibernate is in classpath; If applicable, HQL parser will be used.
2026-02-07T14:48:13.624+05:30  WARN 14584 --- [demo] [main] JpaBaseConfiguration$JpaWebConfiguration : spring.jpa.open-in-view is enabled by default. Therefore, database queries may be performed during view rendering. Explicitly configure spring.jpa.open-in-view to disable this warning
2026-02-07T14:48:14.796+05:30  INFO 14584 --- [demo] [main] o.s.boot.tomcat.TomcatWebServer          : Tomcat started on port 8080 (http) with context path '/'
2026-02-07T14:48:14.907+05:30  INFO 14584 --- [demo] [main] o.s.boot.tomcat.TomcatWebServer          : Tomcat initialized with port 8081 (http)
2026-02-07T14:48:14.908+05:30  INFO 14584 --- [demo] [main] o.apache.catalina.core.StandardService   : Starting service [Tomcat]
2026-02-07T14:48:14.908+05:30  INFO 14584 --- [demo] [main] o.apache.catalina.core.StandardEngine    : Starting Servlet engine: [Apache Tomcat/11.0.15]
2026-02-07T14:48:14.939+05:30  INFO 14584 --- [demo] [main] b.w.c.s.WebApplicationContextInitializer : Root WebApplicationContext: initialization completed in 139 ms
2026-02-07T14:48:14.958+05:30  INFO 14584 --- [demo] [main] o.s.b.a.e.web.EndpointLinksResolver      : Exposing 7 endpoints beneath base path '/actuator'
2026-02-07T14:48:15.034+05:30  INFO 14584 --- [demo] [main] o.s.boot.tomcat.TomcatWebServer          : Tomcat started on port 8081 (http) with context path '/'
2026-02-07T14:48:15.047+05:30  INFO 14584 --- [demo] [main] com.personal.demo.DemoApplication        : Started DemoApplication in 8.697 seconds (process running for 10.039)
2026-02-07T14:48:15.061+05:30  INFO 14584 --- [demo] [main] o.s.b.b.a.JobLauncherApplicationRunner   : Running default command line with: []
2026-02-07T14:48:15.217+05:30  INFO 14584 --- [demo] [RMI TCP Connection(2)-127.0.0.1] o.a.c.c.C.[Tomcat].[localhost].[/]       : Initializing Spring DispatcherServlet 'dispatcherServlet'
2026-02-07T14:48:15.217+05:30  INFO 14584 --- [demo] [RMI TCP Connection(2)-127.0.0.1] o.s.web.servlet.DispatcherServlet        : Initializing Servlet 'dispatcherServlet'
2026-02-07T14:48:15.221+05:30  INFO 14584 --- [demo] [RMI TCP Connection(2)-127.0.0.1] o.s.web.servlet.DispatcherServlet        : Completed initialization in 4 ms
2026-02-07T14:58:43.767+05:30  INFO 4220 --- [demo] [main] com.personal.demo.DemoApplication        : Starting DemoApplication using Java 21.0.9 with PID 4220 (C:\Users\saikr\MapMyTravel\demo\target\classes started by saikr in c:\Users\saikr\MapMyTravel\demo)
2026-02-07T14:58:43.771+05:30 DEBUG 4220 --- [demo] [main] com.personal.demo.DemoApplication        : Running with Spring Boot v4.0.2, Spring v7.0.3
2026-02-07T14:58:43.772+05:30  INFO 4220 --- [demo] [main] com.personal.demo.DemoApplication        : The following 1 profile is active: "dev"
2026-02-07T14:58:44.793+05:30  INFO 4220 --- [demo] [main] .s.d.r.c.RepositoryConfigurationDelegate : Bootstrapping Spring Data JPA repositories in DEFAULT mode.
2026-02-07T14:58:44.861+05:30  INFO 4220 --- [demo] [main] .s.d.r.c.RepositoryConfigurationDelegate : Finished Spring Data repository scanning in 52 ms. Found 3 JPA repository interfaces.
2026-02-07T14:58:45.662+05:30  INFO 4220 --- [demo] [main] o.s.boot.tomcat.TomcatWebServer          : Tomcat initialized with port 8080 (http)
2026-02-07T14:58:45.689+05:30  INFO 4220 --- [demo] [main] o.apache.catalina.core.StandardService   : Starting service [Tomcat]
2026-02-07T14:58:45.690+05:30  INFO 4220 --- [demo] [main] o.apache.catalina.core.StandardEngine    : Starting Servlet engine: [Apache Tomcat/11.0.15]
2026-02-07T14:58:45.780+05:30  INFO 4220 --- [demo] [main] b.w.c.s.WebApplicationContextInitializer : Root WebApplicationContext: initialization completed in 1957 ms
2026-02-07T14:58:45.955+05:30 DEBUG 4220 --- [demo] [main] com.personal.demo.config.JwtFilter       : Filter 'jwtFilter' configured for use
2026-02-07T14:58:46.046+05:30  INFO 4220 --- [demo] [main] com.zaxxer.hikari.HikariDataSource       : HikariPool-1 - Starting...
2026-02-07T14:58:46.237+05:30  INFO 4220 --- [demo] [main] com.zaxxer.hikari.pool.HikariPool        : HikariPool-1 - Added connection com.mysql.cj.jdbc.ConnectionImpl@2f1f9515
2026-02-07T14:58:46.239+05:30  INFO 4220 --- [demo] [main] com.zaxxer.hikari.HikariDataSource       : HikariPool-1 - Start completed.
2026-02-07T14:58:46.325+05:30  INFO 4220 --- [demo] [main] org.hibernate.orm.jpa                    : HHH008540: Processing PersistenceUnitInfo [name: default]
2026-02-07T14:58:46.441+05:30  INFO 4220 --- [demo] [main] org.hibernate.orm.core                   : HHH000001: Hibernate ORM core version 7.2.1.Final
2026-02-07T14:58:46.917+05:30  INFO 4220 --- [demo] [main] o.s.o.j.p.SpringPersistenceUnitInfo      : No LoadTimeWeaver setup: ignoring JPA class transformer
2026-02-07T14:58:47.019+05:30  INFO 4220 --- [demo] [main] org.hibernate.orm.connections.pooling    : HHH10001005: Database info:
	Database JDBC URL [jdbc:mysql://localhost:3306/demo_db?useSSL=false&serverTimezone=UTC&createDatabaseIfNotExist=true]
	Database driver: MySQL Connector/J
	Database dialect: MySQLDialect
	Database version: 8.0.42
	Default catalog/schema: demo_db/undefined
	Autocommit mode: undefined/unknown
	Isolation level: REPEATABLE_READ [default REPEATABLE_READ]
	JDBC fetch size: none
	Pool: DataSourceConnectionProvider
	Minimum pool size: undefined/unknown
	Maximum pool size: undefined/unknown
2026-02-07T14:58:47.946+05:30  INFO 4220 --- [demo] [main] org.hibernate.orm.core                   : HHH000489: No JTA platform available (set 'hibernate.transaction.jta.platform' to enable JTA platform integration)
2026-02-07T14:58:48.015+05:30  INFO 4220 --- [demo] [main] j.LocalContainerEntityManagerFactoryBean : Initialized JPA EntityManagerFactory for persistence unit 'default'
2026-02-07T14:58:48.092+05:30  INFO 4220 --- [demo] [main] o.s.d.j.r.query.QueryEnhancerFactories   : Hibernate is in classpath; If applicable, HQL parser will be used.
2026-02-07T14:58:48.348+05:30  WARN 4220 --- [demo] [main] JpaBaseConfiguration$JpaWebConfiguration : spring.jpa.open-in-view is enabled by default. Therefore, database queries may be performed during view rendering. Explicitly configure spring.jpa.open-in-view to disable this warning
2026-02-07T14:58:49.252+05:30  INFO 4220 --- [demo] [main] o.s.boot.tomcat.TomcatWebServer          : Tomcat started on port 8080 (http) with context path '/'
2026-02-07T14:58:49.323+05:30  INFO 4220 --- [demo] [main] o.s.boot.tomcat.TomcatWebServer          : Tomcat initialized with port 8081 (http)
2026-02-07T14:58:49.324+05:30  INFO 4220 --- [demo] [main] o.apache.catalina.core.StandardService   : Starting service [Tomcat]
2026-02-07T14:58:49.324+05:30  INFO 4220 --- [demo] [main] o.apache.catalina.core.StandardEngine    : Starting Servlet engine: [Apache Tomcat/11.0.15]
2026-02-07T14:58:49.353+05:30  INFO 4220 --- [demo] [main] b.w.c.s.WebApplicationContextInitializer : Root WebApplicationContext: initialization completed in 97 ms
2026-02-07T14:58:49.369+05:30  INFO 4220 --- [demo] [main] o.s.b.a.e.web.EndpointLinksResolver      : Exposing 7 endpoints beneath base path '/actuator'
2026-02-07T14:58:49.422+05:30  INFO 4220 --- [demo] [main] o.s.boot.tomcat.TomcatWebServer          : Tomcat started on port 8081 (http) with context path '/'
2026-02-07T14:58:49.431+05:30  INFO 4220 --- [demo] [main] com.personal.demo.DemoApplication        : Started DemoApplication in 6.091 seconds (process running for 6.81)
2026-02-07T14:58:49.441+05:30  INFO 4220 --- [demo] [main] o.s.b.b.a.JobLauncherApplicationRunner   : Running default command line with: []
2026-02-07T14:58:49.521+05:30  INFO 4220 --- [demo] [RMI TCP Connection(2)-127.0.0.1] o.a.c.c.C.[Tomcat].[localhost].[/]       : Initializing Spring DispatcherServlet 'dispatcherServlet'
2026-02-07T14:58:49.522+05:30  INFO 4220 --- [demo] [RMI TCP Connection(2)-127.0.0.1] o.s.web.servlet.DispatcherServlet        : Initializing Servlet 'dispatcherServlet'
2026-02-07T14:58:49.523+05:30  INFO 4220 --- [demo] [RMI TCP Connection(2)-127.0.0.1] o.s.web.servlet.DispatcherServlet        : Completed initialization in 1 ms
2026-02-07T15:07:23.493+05:30  INFO 20220 --- [demo] [main] com.personal.demo.DemoApplication        : Starting DemoApplication using Java 21.0.9 with PID 20220 (C:\Users\saikr\MapMyTravel\demo\target\classes started by saikr in C:\Users\saikr\MapMyTravel\demo)
2026-02-07T15:07:23.497+05:30 DEBUG 20220 --- [demo] [main] com.personal.demo.DemoApplication        : Running with Spring Boot v4.0.2, Spring v7.0.3
2026-02-07T15:07:23.498+05:30  INFO 20220 --- [demo] [main] com.personal.demo.DemoApplication        : The following 1 profile is active: "dev"
2026-02-07T15:07:24.569+05:30  INFO 20220 --- [demo] [main] .s.d.r.c.RepositoryConfigurationDelegate : Bootstrapping Spring Data JPA repositories in DEFAULT mode.
2026-02-07T15:07:24.633+05:30  INFO 20220 --- [demo] [main] .s.d.r.c.RepositoryConfigurationDelegate : Finished Spring Data repository scanning in 53 ms. Found 3 JPA repository interfaces.
2026-02-07T15:07:25.334+05:30  INFO 20220 --- [demo] [main] o.s.boot.tomcat.TomcatWebServer          : Tomcat initialized with port 8080 (http)
2026-02-07T15:07:25.355+05:30  INFO 20220 --- [demo] [main] o.apache.catalina.core.StandardService   : Starting service [Tomcat]
2026-02-07T15:07:25.356+05:30  INFO 20220 --- [demo] [main] o.apache.catalina.core.StandardEngine    : Starting Servlet engine: [Apache Tomcat/11.0.15]
2026-02-07T15:07:25.432+05:30  INFO 20220 --- [demo] [main] b.w.c.s.WebApplicationContextInitializer : Root WebApplicationContext: initialization completed in 1885 ms
2026-02-07T15:07:25.578+05:30 DEBUG 20220 --- [demo] [main] com.personal.demo.config.JwtFilter       : Filter 'jwtFilter' configured for use
2026-02-07T15:07:25.669+05:30  INFO 20220 --- [demo] [main] com.zaxxer.hikari.HikariDataSource       : HikariPool-1 - Starting...
2026-02-07T15:07:25.837+05:30  INFO 20220 --- [demo] [main] com.zaxxer.hikari.pool.HikariPool        : HikariPool-1 - Added connection com.mysql.cj.jdbc.ConnectionImpl@283d3628
2026-02-07T15:07:25.839+05:30  INFO 20220 --- [demo] [main] com.zaxxer.hikari.HikariDataSource       : HikariPool-1 - Start completed.
2026-02-07T15:07:25.909+05:30  INFO 20220 --- [demo] [main] org.hibernate.orm.jpa                    : HHH008540: Processing PersistenceUnitInfo [name: default]
2026-02-07T15:07:25.969+05:30  INFO 20220 --- [demo] [main] org.hibernate.orm.core                   : HHH000001: Hibernate ORM core version 7.2.1.Final
2026-02-07T15:07:26.485+05:30  INFO 20220 --- [demo] [main] o.s.o.j.p.SpringPersistenceUnitInfo      : No LoadTimeWeaver setup: ignoring JPA class transformer
2026-02-07T15:07:26.598+05:30  INFO 20220 --- [demo] [main] org.hibernate.orm.connections.pooling    : HHH10001005: Database info:
	Database JDBC URL [jdbc:mysql://localhost:3306/demo_db?useSSL=false&serverTimezone=UTC&createDatabaseIfNotExist=true]
	Database driver: MySQL Connector/J
	Database dialect: MySQLDialect
	Database version: 8.0.42
	Default catalog/schema: demo_db/undefined
	Autocommit mode: undefined/unknown
	Isolation level: REPEATABLE_READ [default REPEATABLE_READ]
	JDBC fetch size: none
	Pool: DataSourceConnectionProvider
	Minimum pool size: undefined/unknown
	Maximum pool size: undefined/unknown
2026-02-07T15:07:27.408+05:30  INFO 20220 --- [demo] [main] org.hibernate.orm.core                   : HHH000489: No JTA platform available (set 'hibernate.transaction.jta.platform' to enable JTA platform integration)
2026-02-07T15:07:27.477+05:30  INFO 20220 --- [demo] [main] j.LocalContainerEntityManagerFactoryBean : Initialized JPA EntityManagerFactory for persistence unit 'default'
2026-02-07T15:07:27.545+05:30  INFO 20220 --- [demo] [main] o.s.d.j.r.query.QueryEnhancerFactories   : Hibernate is in classpath; If applicable, HQL parser will be used.
2026-02-07T15:07:27.779+05:30  WARN 20220 --- [demo] [main] JpaBaseConfiguration$JpaWebConfiguration : spring.jpa.open-in-view is enabled by default. Therefore, database queries may be performed during view rendering. Explicitly configure spring.jpa.open-in-view to disable this warning
2026-02-07T15:07:28.846+05:30  INFO 20220 --- [demo] [main] o.s.boot.tomcat.TomcatWebServer          : Tomcat started on port 8080 (http) with context path '/'
2026-02-07T15:07:28.911+05:30  INFO 20220 --- [demo] [main] o.s.boot.tomcat.TomcatWebServer          : Tomcat initialized with port 8081 (http)
2026-02-07T15:07:28.912+05:30  INFO 20220 --- [demo] [main] o.apache.catalina.core.StandardService   : Starting service [Tomcat]
2026-02-07T15:07:28.913+05:30  INFO 20220 --- [demo] [main] o.apache.catalina.core.StandardEngine    : Starting Servlet engine: [Apache Tomcat/11.0.15]
2026-02-07T15:07:28.940+05:30  INFO 20220 --- [demo] [main] b.w.c.s.WebApplicationContextInitializer : Root WebApplicationContext: initialization completed in 91 ms
2026-02-07T15:07:28.954+05:30  INFO 20220 --- [demo] [main] o.s.b.a.e.web.EndpointLinksResolver      : Exposing 7 endpoints beneath base path '/actuator'
2026-02-07T15:07:28.998+05:30  INFO 20220 --- [demo] [main] o.s.boot.tomcat.TomcatWebServer          : Tomcat started on port 8081 (http) with context path '/'
2026-02-07T15:07:29.006+05:30  INFO 20220 --- [demo] [main] com.personal.demo.DemoApplication        : Started DemoApplication in 5.933 seconds (process running for 6.658)
2026-02-07T15:07:29.015+05:30  INFO 20220 --- [demo] [main] o.s.b.b.a.JobLauncherApplicationRunner   : Running default command line with: []
2026-02-07T15:07:29.233+05:30  INFO 20220 --- [demo] [RMI TCP Connection(2)-127.0.0.1] o.a.c.c.C.[Tomcat].[localhost].[/]       : Initializing Spring DispatcherServlet 'dispatcherServlet'
2026-02-07T15:07:29.234+05:30  INFO 20220 --- [demo] [RMI TCP Connection(2)-127.0.0.1] o.s.web.servlet.DispatcherServlet        : Initializing Servlet 'dispatcherServlet'
2026-02-07T15:07:29.235+05:30  INFO 20220 --- [demo] [RMI TCP Connection(2)-127.0.0.1] o.s.web.servlet.DispatcherServlet        : Completed initialization in 1 ms
2026-02-07T15:08:24.532+05:30  INFO 11864 --- [demo] [main] com.personal.demo.DemoApplication        : Starting DemoApplication using Java 21.0.9 with PID 11864 (C:\Users\saikr\MapMyTravel\demo\target\classes started by saikr in C:\Users\saikr\MapMyTravel\demo)
2026-02-07T15:08:24.535+05:30 DEBUG 11864 --- [demo] [main] com.personal.demo.DemoApplication        : Running with Spring Boot v4.0.2, Spring v7.0.3
2026-02-07T15:08:24.536+05:30  INFO 11864 --- [demo] [main] com.personal.demo.DemoApplication        : The following 1 profile is active: "dev"
2026-02-07T15:08:25.539+05:30  INFO 11864 --- [demo] [main] .s.d.r.c.RepositoryConfigurationDelegate : Bootstrapping Spring Data JPA repositories in DEFAULT mode.
2026-02-07T15:08:25.597+05:30  INFO 11864 --- [demo] [main] .s.d.r.c.RepositoryConfigurationDelegate : Finished Spring Data repository scanning in 48 ms. Found 3 JPA repository interfaces.
2026-02-07T15:08:26.349+05:30  INFO 11864 --- [demo] [main] o.s.boot.tomcat.TomcatWebServer          : Tomcat initialized with port 8080 (http)
2026-02-07T15:08:26.369+05:30  INFO 11864 --- [demo] [main] o.apache.catalina.core.StandardService   : Starting service [Tomcat]
2026-02-07T15:08:26.370+05:30  INFO 11864 --- [demo] [main] o.apache.catalina.core.StandardEngine    : Starting Servlet engine: [Apache Tomcat/11.0.15]
2026-02-07T15:08:26.454+05:30  INFO 11864 --- [demo] [main] b.w.c.s.WebApplicationContextInitializer : Root WebApplicationContext: initialization completed in 1865 ms
2026-02-07T15:08:26.615+05:30 DEBUG 11864 --- [demo] [main] com.personal.demo.config.JwtFilter       : Filter 'jwtFilter' configured for use
2026-02-07T15:08:26.699+05:30  INFO 11864 --- [demo] [main] com.zaxxer.hikari.HikariDataSource       : HikariPool-1 - Starting...
2026-02-07T15:08:26.866+05:30  INFO 11864 --- [demo] [main] com.zaxxer.hikari.pool.HikariPool        : HikariPool-1 - Added connection com.mysql.cj.jdbc.ConnectionImpl@74d22ddd
2026-02-07T15:08:26.868+05:30  INFO 11864 --- [demo] [main] com.zaxxer.hikari.HikariDataSource       : HikariPool-1 - Start completed.
2026-02-07T15:08:26.940+05:30  INFO 11864 --- [demo] [main] org.hibernate.orm.jpa                    : HHH008540: Processing PersistenceUnitInfo [name: default]
2026-02-07T15:08:27.004+05:30  INFO 11864 --- [demo] [main] org.hibernate.orm.core                   : HHH000001: Hibernate ORM core version 7.2.1.Final
2026-02-07T15:08:27.540+05:30  INFO 11864 --- [demo] [main] o.s.o.j.p.SpringPersistenceUnitInfo      : No LoadTimeWeaver setup: ignoring JPA class transformer
2026-02-07T15:08:27.653+05:30  INFO 11864 --- [demo] [main] org.hibernate.orm.connections.pooling    : HHH10001005: Database info:
	Database JDBC URL [jdbc:mysql://localhost:3306/demo_db?useSSL=false&serverTimezone=UTC&createDatabaseIfNotExist=true]
	Database driver: MySQL Connector/J
	Database dialect: MySQLDialect
	Database version: 8.0.42
	Default catalog/schema: demo_db/undefined
	Autocommit mode: undefined/unknown
	Isolation level: REPEATABLE_READ [default REPEATABLE_READ]
	JDBC fetch size: none
	Pool: DataSourceConnectionProvider
	Minimum pool size: undefined/unknown
	Maximum pool size: undefined/unknown
2026-02-07T15:08:28.477+05:30  INFO 11864 --- [demo] [main] org.hibernate.orm.core                   : HHH000489: No JTA platform available (set 'hibernate.transaction.jta.platform' to enable JTA platform integration)
2026-02-07T15:08:28.539+05:30  INFO 11864 --- [demo] [main] j.LocalContainerEntityManagerFactoryBean : Initialized JPA EntityManagerFactory for persistence unit 'default'
2026-02-07T15:08:28.619+05:30  INFO 11864 --- [demo] [main] o.s.d.j.r.query.QueryEnhancerFactories   : Hibernate is in classpath; If applicable, HQL parser will be used.
2026-02-07T15:08:28.842+05:30  WARN 11864 --- [demo] [main] JpaBaseConfiguration$JpaWebConfiguration : spring.jpa.open-in-view is enabled by default. Therefore, database queries may be performed during view rendering. Explicitly configure spring.jpa.open-in-view to disable this warning
2026-02-07T15:08:29.689+05:30  INFO 11864 --- [demo] [main] o.s.boot.tomcat.TomcatWebServer          : Tomcat started on port 8080 (http) with context path '/'
2026-02-07T15:08:29.759+05:30  INFO 11864 --- [demo] [main] o.s.boot.tomcat.TomcatWebServer          : Tomcat initialized with port 8081 (http)
2026-02-07T15:08:29.761+05:30  INFO 11864 --- [demo] [main] o.apache.catalina.core.StandardService   : Starting service [Tomcat]
2026-02-07T15:08:29.761+05:30  INFO 11864 --- [demo] [main] o.apache.catalina.core.StandardEngine    : Starting Servlet engine: [Apache Tomcat/11.0.15]
2026-02-07T15:08:29.788+05:30  INFO 11864 --- [demo] [main] b.w.c.s.WebApplicationContextInitializer : Root WebApplicationContext: initialization completed in 95 ms
2026-02-07T15:08:29.804+05:30  INFO 11864 --- [demo] [main] o.s.b.a.e.web.EndpointLinksResolver      : Exposing 7 endpoints beneath base path '/actuator'
2026-02-07T15:08:29.851+05:30  INFO 11864 --- [demo] [main] o.s.boot.tomcat.TomcatWebServer          : Tomcat started on port 8081 (http) with context path '/'
2026-02-07T15:08:29.860+05:30  INFO 11864 --- [demo] [main] com.personal.demo.DemoApplication        : Started DemoApplication in 5.775 seconds (process running for 6.46)
2026-02-07T15:08:29.868+05:30  INFO 11864 --- [demo] [main] o.s.b.b.a.JobLauncherApplicationRunner   : Running default command line with: []
2026-02-07T15:08:30.241+05:30  INFO 11864 --- [demo] [RMI TCP Connection(2)-127.0.0.1] o.a.c.c.C.[Tomcat].[localhost].[/]       : Initializing Spring DispatcherServlet 'dispatcherServlet'
2026-02-07T15:08:30.241+05:30  INFO 11864 --- [demo] [RMI TCP Connection(2)-127.0.0.1] o.s.web.servlet.DispatcherServlet        : Initializing Servlet 'dispatcherServlet'
2026-02-07T15:08:30.242+05:30  INFO 11864 --- [demo] [RMI TCP Connection(2)-127.0.0.1] o.s.web.servlet.DispatcherServlet        : Completed initialization in 1 ms
